Some weights of the model checkpoint at Rostlab/prot_bert_bfd were not used when initializing BertModel: ['bert.pooler.dense.weight', 'cls.predictions.transform.dense.bias', 'cls.predictions.decoder.bias', 'cls.predictions.bias', 'bert.pooler.dense.bias', 'cls.seq_relationship.weight', 'cls.predictions.transform.dense.weight', 'cls.predictions.decoder.weight', 'cls.predictions.transform.LayerNorm.bias', 'cls.seq_relationship.bias', 'cls.predictions.transform.LayerNorm.weight']
- This IS expected if you are initializing BertModel from the checkpoint of a model trained on another task or with another architecture (e.g. initializing a BertForSequenceClassification model from a BertForPreTraining model).
- This IS NOT expected if you are initializing BertModel from the checkpoint of a model that you expect to be exactly identical (initializing a BertForSequenceClassification model from a BertForSequenceClassification model).
Using device cuda:0
0       0
1       0
2       0
3       0
4       0
       ..
1466    1
1467    1
1468    1
1469    1
1470    1
Name: label, Length: 1471, dtype: int64
test dataset:
 Class 0: 52
 Class 1: 52
train dataset:
 Class 0: 208
 Class 1: 208
Using device cuda:0
Classification_dim: 512
Epoch 1/100
##########
## Train
tensor([[0.0186, 0.0162],
        [0.0186, 0.0162],
        [0.0186, 0.0162],
        [0.0186, 0.0162],
        [0.0186, 0.0162],
        [0.0186, 0.0162],
        [0.0186, 0.0162],
        [0.0186, 0.0162]], device='cuda:0', grad_fn=<AddmmBackward0>)
train 0/52 Loss: 0.6934 Running Loss: 0.0133 Acc: 0.0072 MCC: 0.0000
tensor([[0.0183, 0.0165],
        [0.0183, 0.0165],
        [0.0183, 0.0165],
        [0.0183, 0.0165],
        [0.0183, 0.0165],
        [0.0183, 0.0165],
        [0.0183, 0.0165],
        [0.0183, 0.0165]], device='cuda:0', grad_fn=<AddmmBackward0>)
tensor([[0.0178, 0.0171],
        [0.0178, 0.0171],
        [0.0178, 0.0171],
        [0.0178, 0.0171],
        [0.0178, 0.0171],
        [0.0178, 0.0171],
        [0.0178, 0.0171],
        [0.0178, 0.0171]], device='cuda:0', grad_fn=<AddmmBackward0>)
tensor([[0.0171, 0.0178],
        [0.0171, 0.0178],
        [0.0171, 0.0178],
        [0.0171, 0.0178],
        [0.0171, 0.0178],
        [0.0171, 0.0178],
        [0.0171, 0.0178],
        [0.0171, 0.0178]], device='cuda:0', grad_fn=<AddmmBackward0>)
tensor([[0.0165, 0.0185],
        [0.0165, 0.0185],
        [0.0165, 0.0185],
        [0.0165, 0.0185],
        [0.0165, 0.0185],
        [0.0165, 0.0185],
        [0.0165, 0.0185],
        [0.0165, 0.0185]], device='cuda:0', grad_fn=<AddmmBackward0>)
tensor([[0.0156, 0.0194],
        [0.0156, 0.0194],
        [0.0156, 0.0194],
        [0.0156, 0.0194],
        [0.0156, 0.0194],
        [0.0156, 0.0194],
        [0.0156, 0.0194],
        [0.0156, 0.0194]], device='cuda:0', grad_fn=<AddmmBackward0>)
tensor([[0.0149, 0.0202],
        [0.0149, 0.0202],
        [0.0149, 0.0202],
        [0.0149, 0.0202],
        [0.0149, 0.0202],
        [0.0149, 0.0202],
        [0.0149, 0.0202],
        [0.0149, 0.0202]], device='cuda:0', grad_fn=<AddmmBackward0>)
tensor([[0.0140, 0.0212],
        [0.0140, 0.0212],
        [0.0140, 0.0212],
        [0.0140, 0.0212],
        [0.0140, 0.0212],
        [0.0140, 0.0212],
        [0.0140, 0.0212],
        [0.0140, 0.0212]], device='cuda:0', grad_fn=<AddmmBackward0>)
tensor([[0.0137, 0.0216],
        [0.0137, 0.0216],
        [0.0137, 0.0216],
        [0.0137, 0.0216],
        [0.0137, 0.0216],
        [0.0137, 0.0216],
        [0.0137, 0.0216],
        [0.0137, 0.0216]], device='cuda:0', grad_fn=<AddmmBackward0>)
tensor([[0.0136, 0.0216],
        [0.0136, 0.0216],
        [0.0136, 0.0216],
        [0.0136, 0.0216],
        [0.0136, 0.0216],
        [0.0136, 0.0216],
        [0.0136, 0.0216],
        [0.0136, 0.0216]], device='cuda:0', grad_fn=<AddmmBackward0>)
tensor([[0.0142, 0.0210],
        [0.0142, 0.0210],
        [0.0142, 0.0210],
        [0.0142, 0.0210],
        [0.0142, 0.0210],
        [0.0142, 0.0210],
        [0.0142, 0.0210],
        [0.0142, 0.0210]], device='cuda:0', grad_fn=<AddmmBackward0>)
train 10/52 Loss: 0.6923 Running Loss: 0.1467 Acc: 0.0938 MCC: -0.1392
tensor([[0.0144, 0.0208],
        [0.0144, 0.0208],
        [0.0144, 0.0208],
        [0.0144, 0.0208],
        [0.0144, 0.0208],
        [0.0144, 0.0208],
        [0.0144, 0.0208],
        [0.0144, 0.0208]], device='cuda:0', grad_fn=<AddmmBackward0>)
tensor([[0.0148, 0.0203],
        [0.0148, 0.0203],
        [0.0148, 0.0203],
        [0.0148, 0.0203],
        [0.0148, 0.0203],
        [0.0148, 0.0203],
        [0.0148, 0.0203],
        [0.0148, 0.0203]], device='cuda:0', grad_fn=<AddmmBackward0>)
tensor([[0.0147, 0.0205],
        [0.0147, 0.0205],
        [0.0147, 0.0205],
        [0.0147, 0.0205],
        [0.0147, 0.0205],
        [0.0147, 0.0205],
        [0.0147, 0.0205],
        [0.0147, 0.0205]], device='cuda:0', grad_fn=<AddmmBackward0>)
tensor([[0.0146, 0.0206],
        [0.0146, 0.0206],
        [0.0146, 0.0206],
        [0.0146, 0.0206],
        [0.0146, 0.0206],
        [0.0146, 0.0206],
        [0.0146, 0.0206],
        [0.0146, 0.0206]], device='cuda:0', grad_fn=<AddmmBackward0>)
tensor([[0.0142, 0.0210],
        [0.0142, 0.0210],
        [0.0142, 0.0210],
        [0.0142, 0.0210],
        [0.0142, 0.0210],
        [0.0142, 0.0210],
        [0.0142, 0.0210],
        [0.0142, 0.0210]], device='cuda:0', grad_fn=<AddmmBackward0>)
tensor([[0.0137, 0.0216],
        [0.0137, 0.0216],
        [0.0137, 0.0216],
        [0.0137, 0.0216],
        [0.0137, 0.0216],
        [0.0137, 0.0216],
        [0.0137, 0.0216],
        [0.0137, 0.0216]], device='cuda:0', grad_fn=<AddmmBackward0>)
tensor([[0.0134, 0.0218],
        [0.0134, 0.0218],
        [0.0134, 0.0218],
        [0.0134, 0.0218],
        [0.0134, 0.0218],
        [0.0134, 0.0218],
        [0.0134, 0.0218],
        [0.0134, 0.0218]], device='cuda:0', grad_fn=<AddmmBackward0>)
tensor([[0.0135, 0.0218],
        [0.0135, 0.0218],
        [0.0135, 0.0218],
        [0.0135, 0.0218],
        [0.0135, 0.0218],
        [0.0135, 0.0218],
        [0.0135, 0.0218],
        [0.0135, 0.0218]], device='cuda:0', grad_fn=<AddmmBackward0>)
tensor([[0.0132, 0.0220],
        [0.0132, 0.0220],
        [0.0132, 0.0220],
        [0.0132, 0.0220],
        [0.0132, 0.0220],
        [0.0132, 0.0220],
        [0.0132, 0.0220],
        [0.0132, 0.0220]], device='cuda:0', grad_fn=<AddmmBackward0>)
tensor([[0.0133, 0.0220],
        [0.0133, 0.0220],
        [0.0133, 0.0220],
        [0.0133, 0.0220],
        [0.0133, 0.0220],
        [0.0133, 0.0220],
        [0.0133, 0.0220],
        [0.0133, 0.0220]], device='cuda:0', grad_fn=<AddmmBackward0>)
train 20/52 Loss: 0.6932 Running Loss: 0.2800 Acc: 0.1923 MCC: -0.0924
tensor([[0.0134, 0.0219],
        [0.0134, 0.0219],
        [0.0134, 0.0219],
        [0.0134, 0.0219],
        [0.0134, 0.0219],
        [0.0134, 0.0219],
        [0.0134, 0.0219],
        [0.0134, 0.0219]], device='cuda:0', grad_fn=<AddmmBackward0>)
tensor([[0.0137, 0.0215],
        [0.0137, 0.0215],
        [0.0137, 0.0215],
        [0.0137, 0.0215],
        [0.0137, 0.0215],
        [0.0137, 0.0215],
        [0.0137, 0.0215],
        [0.0137, 0.0215]], device='cuda:0', grad_fn=<AddmmBackward0>)
tensor([[0.0142, 0.0209],
        [0.0142, 0.0209],
        [0.0142, 0.0209],
        [0.0142, 0.0209],
        [0.0142, 0.0209],
        [0.0142, 0.0209],
        [0.0142, 0.0209],
        [0.0142, 0.0209]], device='cuda:0', grad_fn=<AddmmBackward0>)
tensor([[0.0147, 0.0204],
        [0.0147, 0.0204],
        [0.0147, 0.0204],
        [0.0147, 0.0204],
        [0.0147, 0.0204],
        [0.0147, 0.0204],
        [0.0147, 0.0204],
        [0.0147, 0.0204]], device='cuda:0', grad_fn=<AddmmBackward0>)
tensor([[0.0152, 0.0199],
        [0.0152, 0.0199],
        [0.0152, 0.0199],
        [0.0152, 0.0199],
        [0.0152, 0.0199],
        [0.0152, 0.0199],
        [0.0152, 0.0199],
        [0.0152, 0.0199]], device='cuda:0', grad_fn=<AddmmBackward0>)
tensor([[0.0153, 0.0197],
        [0.0153, 0.0197],
        [0.0153, 0.0197],
        [0.0153, 0.0197],
        [0.0153, 0.0197],
        [0.0153, 0.0197],
        [0.0153, 0.0197],
        [0.0153, 0.0197]], device='cuda:0', grad_fn=<AddmmBackward0>)
tensor([[0.0150, 0.0201],
        [0.0150, 0.0201],
        [0.0150, 0.0201],
        [0.0150, 0.0201],
        [0.0150, 0.0201],
        [0.0150, 0.0201],
        [0.0150, 0.0201],
        [0.0150, 0.0201]], device='cuda:0', grad_fn=<AddmmBackward0>)
tensor([[0.0149, 0.0202],
        [0.0149, 0.0202],
        [0.0149, 0.0202],
        [0.0149, 0.0202],
        [0.0149, 0.0202],
        [0.0149, 0.0202],
        [0.0149, 0.0202],
        [0.0149, 0.0202]], device='cuda:0', grad_fn=<AddmmBackward0>)
tensor([[0.0148, 0.0203],
        [0.0148, 0.0203],
        [0.0148, 0.0203],
        [0.0148, 0.0203],
        [0.0148, 0.0203],
        [0.0148, 0.0203],
        [0.0148, 0.0203],
        [0.0148, 0.0203]], device='cuda:0', grad_fn=<AddmmBackward0>)
tensor([[0.0150, 0.0201],
        [0.0150, 0.0201],
        [0.0150, 0.0201],
        [0.0150, 0.0201],
        [0.0150, 0.0201],
        [0.0150, 0.0201],
        [0.0150, 0.0201],
        [0.0150, 0.0201]], device='cuda:0', grad_fn=<AddmmBackward0>)
train 30/52 Loss: 0.6925 Running Loss: 0.4133 Acc: 0.2885 MCC: -0.0766
tensor([[0.0149, 0.0202],
        [0.0149, 0.0202],
        [0.0149, 0.0202],
        [0.0149, 0.0202],
        [0.0149, 0.0202],
        [0.0149, 0.0202],
        [0.0149, 0.0202],
        [0.0149, 0.0202]], device='cuda:0', grad_fn=<AddmmBackward0>)