Some weights of the model checkpoint at Rostlab/prot_bert_bfd were not used when initializing BertModel: ['cls.predictions.decoder.weight', 'cls.predictions.transform.dense.weight', 'bert.pooler.dense.weight', 'cls.predictions.transform.LayerNorm.bias', 'cls.predictions.bias', 'bert.pooler.dense.bias', 'cls.seq_relationship.bias', 'cls.predictions.transform.dense.bias', 'cls.seq_relationship.weight', 'cls.predictions.transform.LayerNorm.weight', 'cls.predictions.decoder.bias']
- This IS expected if you are initializing BertModel from the checkpoint of a model trained on another task or with another architecture (e.g. initializing a BertForSequenceClassification model from a BertForPreTraining model).
- This IS NOT expected if you are initializing BertModel from the checkpoint of a model that you expect to be exactly identical (initializing a BertForSequenceClassification model from a BertForSequenceClassification model).
Using device cuda:0
0       0
1       0
2       0
3       0
4       0
       ..
1466    1
1467    1
1468    1
1469    1
1470    1
Name: label, Length: 1471, dtype: int64
test dataset:
 Class 0: 52
 Class 1: 52
train dataset:
 Class 0: 208
 Class 1: 208
Using device cuda:0
Classification_dim: 512
Epoch 1/15
##########
## Train
tensor([[-0.0075,  0.0586],
        [-0.0075,  0.0586],
        [-0.0075,  0.0586],
        [-0.0075,  0.0586],
        [-0.0075,  0.0586],
        [-0.0075,  0.0586],
        [-0.0075,  0.0586],
        [-0.0075,  0.0586]], device='cuda:0', grad_fn=<AddmmBackward0>)
train 0/52 Loss: 0.6937 Running Loss: 0.0133 Acc: 0.0096 MCC: 0.0000
tensor([[-0.0075,  0.0586],
        [-0.0075,  0.0586],
        [-0.0075,  0.0586],
        [-0.0075,  0.0586],
        [-0.0075,  0.0586],
        [-0.0075,  0.0586],
        [-0.0075,  0.0586],
        [-0.0075,  0.0586]], device='cuda:0', grad_fn=<AddmmBackward0>)
tensor([[-0.0069,  0.0579],
        [-0.0069,  0.0579],
        [-0.0069,  0.0579],
        [-0.0069,  0.0579],
        [-0.0069,  0.0579],
        [-0.0069,  0.0579],
        [-0.0069,  0.0579],
        [-0.0069,  0.0579]], device='cuda:0', grad_fn=<AddmmBackward0>)
tensor([[-0.0071,  0.0582],
        [-0.0071,  0.0582],
        [-0.0071,  0.0582],
        [-0.0071,  0.0582],
        [-0.0071,  0.0582],
        [-0.0071,  0.0582],
        [-0.0071,  0.0582],
        [-0.0071,  0.0582]], device='cuda:0', grad_fn=<AddmmBackward0>)
tensor([[-0.0075,  0.0586],
        [-0.0075,  0.0586],
        [-0.0075,  0.0586],
        [-0.0075,  0.0586],
        [-0.0075,  0.0586],
        [-0.0075,  0.0586],
        [-0.0075,  0.0586],
        [-0.0075,  0.0586]], device='cuda:0', grad_fn=<AddmmBackward0>)
tensor([[-0.0084,  0.0596],
        [-0.0084,  0.0596],
        [-0.0084,  0.0596],
        [-0.0084,  0.0596],
        [-0.0084,  0.0596],
        [-0.0084,  0.0596],
        [-0.0084,  0.0596],
        [-0.0084,  0.0596]], device='cuda:0', grad_fn=<AddmmBackward0>)
tensor([[-0.0092,  0.0604],
        [-0.0092,  0.0604],
        [-0.0092,  0.0604],
        [-0.0092,  0.0604],
        [-0.0092,  0.0604],
        [-0.0092,  0.0604],
        [-0.0092,  0.0604],
        [-0.0092,  0.0604]], device='cuda:0', grad_fn=<AddmmBackward0>)
tensor([[-0.0102,  0.0613],
        [-0.0102,  0.0613],
        [-0.0102,  0.0613],
        [-0.0102,  0.0613],
        [-0.0102,  0.0613],
        [-0.0102,  0.0613],
        [-0.0102,  0.0613],
        [-0.0102,  0.0613]], device='cuda:0', grad_fn=<AddmmBackward0>)
tensor([[-0.0110,  0.0621],
        [-0.0110,  0.0621],
        [-0.0110,  0.0621],
        [-0.0110,  0.0621],
        [-0.0110,  0.0621],
        [-0.0110,  0.0621],
        [-0.0110,  0.0621],
        [-0.0110,  0.0621]], device='cuda:0', grad_fn=<AddmmBackward0>)
tensor([[-0.0116,  0.0628],
        [-0.0116,  0.0628],
        [-0.0116,  0.0628],
        [-0.0116,  0.0628],
        [-0.0116,  0.0628],
        [-0.0116,  0.0628],
        [-0.0116,  0.0628],
        [-0.0116,  0.0628]], device='cuda:0', grad_fn=<AddmmBackward0>)
tensor([[-0.0122,  0.0634],
        [-0.0122,  0.0634],
        [-0.0122,  0.0634],
        [-0.0122,  0.0634],
        [-0.0122,  0.0634],
        [-0.0122,  0.0634],
        [-0.0122,  0.0634],
        [-0.0122,  0.0634]], device='cuda:0', grad_fn=<AddmmBackward0>)
train 10/52 Loss: 0.7128 Running Loss: 0.1463 Acc: 0.1130 MCC: 0.0000
tensor([[-0.0122,  0.0634],
        [-0.0122,  0.0634],
        [-0.0122,  0.0634],
        [-0.0122,  0.0634],
        [-0.0122,  0.0634],
        [-0.0122,  0.0634],
        [-0.0122,  0.0634],
        [-0.0122,  0.0634]], device='cuda:0', grad_fn=<AddmmBackward0>)
tensor([[-0.0120,  0.0633],
        [-0.0120,  0.0633],
        [-0.0120,  0.0633],
        [-0.0120,  0.0633],
        [-0.0120,  0.0633],
        [-0.0120,  0.0633],
        [-0.0120,  0.0633],
        [-0.0120,  0.0633]], device='cuda:0', grad_fn=<AddmmBackward0>)
tensor([[-0.0119,  0.0631],
        [-0.0119,  0.0631],
        [-0.0119,  0.0631],
        [-0.0119,  0.0631],
        [-0.0119,  0.0631],
        [-0.0119,  0.0631],
        [-0.0119,  0.0631],
        [-0.0119,  0.0631]], device='cuda:0', grad_fn=<AddmmBackward0>)
tensor([[-0.0126,  0.0638],
        [-0.0126,  0.0638],
        [-0.0126,  0.0638],
        [-0.0126,  0.0638],
        [-0.0126,  0.0638],
        [-0.0126,  0.0638],
        [-0.0126,  0.0638],
        [-0.0126,  0.0638]], device='cuda:0', grad_fn=<AddmmBackward0>)
tensor([[-0.0128,  0.0641],
        [-0.0128,  0.0641],
        [-0.0128,  0.0641],
        [-0.0128,  0.0641],
        [-0.0128,  0.0641],
        [-0.0128,  0.0641],
        [-0.0128,  0.0641],
        [-0.0128,  0.0641]], device='cuda:0', grad_fn=<AddmmBackward0>)
tensor([[-0.0133,  0.0646],
        [-0.0133,  0.0646],
        [-0.0133,  0.0646],
        [-0.0133,  0.0646],
        [-0.0133,  0.0646],
        [-0.0133,  0.0646],
        [-0.0133,  0.0646],
        [-0.0133,  0.0646]], device='cuda:0', grad_fn=<AddmmBackward0>)
tensor([[-0.0140,  0.0652],
        [-0.0140,  0.0652],
        [-0.0140,  0.0652],
        [-0.0140,  0.0652],
        [-0.0140,  0.0652],
        [-0.0140,  0.0652],
        [-0.0140,  0.0652],
        [-0.0140,  0.0652]], device='cuda:0', grad_fn=<AddmmBackward0>)
tensor([[-0.0148,  0.0661],
        [-0.0148,  0.0661],
        [-0.0148,  0.0661],
        [-0.0148,  0.0661],
        [-0.0148,  0.0661],
        [-0.0148,  0.0661],
        [-0.0148,  0.0661],
        [-0.0148,  0.0661]], device='cuda:0', grad_fn=<AddmmBackward0>)
tensor([[-0.0152,  0.0665],
        [-0.0152,  0.0665],
        [-0.0152,  0.0665],
        [-0.0152,  0.0665],
        [-0.0152,  0.0665],
        [-0.0152,  0.0665],
        [-0.0152,  0.0665],
        [-0.0152,  0.0665]], device='cuda:0', grad_fn=<AddmmBackward0>)
tensor([[-0.0159,  0.0671],
        [-0.0159,  0.0671],
        [-0.0159,  0.0671],
        [-0.0159,  0.0671],
        [-0.0159,  0.0671],
        [-0.0159,  0.0671],
        [-0.0159,  0.0671],
        [-0.0159,  0.0671]], device='cuda:0', grad_fn=<AddmmBackward0>)
train 20/52 Loss: 0.6836 Running Loss: 0.2786 Acc: 0.2236 MCC: 0.0000
tensor([[-0.0166,  0.0679],
        [-0.0166,  0.0679],
        [-0.0166,  0.0679],
        [-0.0166,  0.0679],
        [-0.0166,  0.0679],
        [-0.0166,  0.0679],
        [-0.0166,  0.0679],
        [-0.0166,  0.0679]], device='cuda:0', grad_fn=<AddmmBackward0>)
tensor([[-0.0173,  0.0686],
        [-0.0173,  0.0686],
        [-0.0173,  0.0686],
        [-0.0173,  0.0686],
        [-0.0173,  0.0686],
        [-0.0173,  0.0686],
        [-0.0173,  0.0686],
        [-0.0173,  0.0686]], device='cuda:0', grad_fn=<AddmmBackward0>)
tensor([[-0.0184,  0.0697],
        [-0.0184,  0.0697],
        [-0.0184,  0.0697],
        [-0.0184,  0.0697],
        [-0.0184,  0.0697],
        [-0.0184,  0.0697],
        [-0.0184,  0.0697],
        [-0.0184,  0.0697]], device='cuda:0', grad_fn=<AddmmBackward0>)
tensor([[-0.0190,  0.0704],
        [-0.0190,  0.0704],
        [-0.0190,  0.0704],
        [-0.0190,  0.0704],
        [-0.0190,  0.0704],
        [-0.0190,  0.0704],
        [-0.0190,  0.0704],
        [-0.0190,  0.0704]], device='cuda:0', grad_fn=<AddmmBackward0>)
tensor([[-0.0193,  0.0706],
        [-0.0193,  0.0706],
        [-0.0193,  0.0706],
        [-0.0193,  0.0706],
        [-0.0193,  0.0706],
        [-0.0193,  0.0706],
        [-0.0193,  0.0706],
        [-0.0193,  0.0706]], device='cuda:0', grad_fn=<AddmmBackward0>)
tensor([[-0.0189,  0.0703],
        [-0.0189,  0.0703],
        [-0.0189,  0.0703],
        [-0.0189,  0.0703],
        [-0.0189,  0.0703],
        [-0.0189,  0.0703],
        [-0.0189,  0.0703],
        [-0.0189,  0.0703]], device='cuda:0', grad_fn=<AddmmBackward0>)
tensor([[-0.0183,  0.0696],
        [-0.0183,  0.0696],
        [-0.0183,  0.0696],
        [-0.0183,  0.0696],
        [-0.0183,  0.0696],
        [-0.0183,  0.0696],
        [-0.0183,  0.0696],
        [-0.0183,  0.0696]], device='cuda:0', grad_fn=<AddmmBackward0>)
tensor([[-0.0177,  0.0690],
        [-0.0177,  0.0690],
        [-0.0177,  0.0690],
        [-0.0177,  0.0690],
        [-0.0177,  0.0690],
        [-0.0177,  0.0690],
        [-0.0177,  0.0690],
        [-0.0177,  0.0690]], device='cuda:0', grad_fn=<AddmmBackward0>)
tensor([[-0.0163,  0.0676],
        [-0.0163,  0.0676],
        [-0.0163,  0.0676],
        [-0.0163,  0.0676],
        [-0.0163,  0.0676],
        [-0.0163,  0.0676],
        [-0.0163,  0.0676],
        [-0.0163,  0.0676]], device='cuda:0', grad_fn=<AddmmBackward0>)
tensor([[-0.0147,  0.0659],
        [-0.0147,  0.0659],
        [-0.0147,  0.0659],
        [-0.0147,  0.0659],
        [-0.0147,  0.0659],
        [-0.0147,  0.0659],
        [-0.0147,  0.0659],
        [-0.0147,  0.0659]], device='cuda:0', grad_fn=<AddmmBackward0>)
train 30/52 Loss: 0.6738 Running Loss: 0.4132 Acc: 0.3077 MCC: 0.0000
tensor([[-0.0138,  0.0650],
        [-0.0138,  0.0650],
        [-0.0138,  0.0650],
        [-0.0138,  0.0650],
        [-0.0138,  0.0650],
        [-0.0138,  0.0650],
        [-0.0138,  0.0650],
        [-0.0138,  0.0650]], device='cuda:0', grad_fn=<AddmmBackward0>)
tensor([[-0.0129,  0.0641],
        [-0.0129,  0.0641],
        [-0.0129,  0.0641],
        [-0.0129,  0.0641],
        [-0.0129,  0.0641],
        [-0.0129,  0.0641],
        [-0.0129,  0.0641],
        [-0.0129,  0.0641]], device='cuda:0', grad_fn=<AddmmBackward0>)
tensor([[-0.0121,  0.0632],
        [-0.0121,  0.0632],
        [-0.0121,  0.0632],
        [-0.0121,  0.0632],
        [-0.0121,  0.0632],
        [-0.0121,  0.0632],
        [-0.0121,  0.0632],
        [-0.0121,  0.0632]], device='cuda:0', grad_fn=<AddmmBackward0>)
tensor([[-0.0118,  0.0630],
        [-0.0118,  0.0630],
        [-0.0118,  0.0630],
        [-0.0118,  0.0630],
        [-0.0118,  0.0630],
        [-0.0118,  0.0630],
        [-0.0118,  0.0630],
        [-0.0118,  0.0630]], device='cuda:0', grad_fn=<AddmmBackward0>)
tensor([[-0.0113,  0.0624],
        [-0.0113,  0.0624],
        [-0.0113,  0.0624],
        [-0.0113,  0.0624],
        [-0.0113,  0.0624],
        [-0.0113,  0.0624],
        [-0.0113,  0.0624],
        [-0.0113,  0.0624]], device='cuda:0', grad_fn=<AddmmBackward0>)
tensor([[-0.0105,  0.0616],
        [-0.0105,  0.0616],
        [-0.0105,  0.0616],
        [-0.0105,  0.0616],
        [-0.0105,  0.0616],
        [-0.0105,  0.0616],
        [-0.0105,  0.0616],
        [-0.0105,  0.0616]], device='cuda:0', grad_fn=<AddmmBackward0>)
tensor([[-0.0092,  0.0603],
        [-0.0092,  0.0603],
        [-0.0092,  0.0603],
        [-0.0092,  0.0603],
        [-0.0092,  0.0603],
        [-0.0092,  0.0603],
        [-0.0092,  0.0603],
        [-0.0092,  0.0603]], device='cuda:0', grad_fn=<AddmmBackward0>)
tensor([[-0.0083,  0.0593],
        [-0.0083,  0.0593],
        [-0.0083,  0.0593],
        [-0.0083,  0.0593],
        [-0.0083,  0.0593],
        [-0.0083,  0.0593],
        [-0.0083,  0.0593],
        [-0.0083,  0.0593]], device='cuda:0', grad_fn=<AddmmBackward0>)
tensor([[-0.0077,  0.0587],
        [-0.0077,  0.0587],
        [-0.0077,  0.0587],
        [-0.0077,  0.0587],
        [-0.0077,  0.0587],
        [-0.0077,  0.0587],
        [-0.0077,  0.0587],
        [-0.0077,  0.0587]], device='cuda:0', grad_fn=<AddmmBackward0>)
tensor([[-0.0071,  0.0581],
        [-0.0071,  0.0581],
        [-0.0071,  0.0581],
        [-0.0071,  0.0581],
        [-0.0071,  0.0581],
        [-0.0071,  0.0581],
        [-0.0071,  0.0581],
        [-0.0071,  0.0581]], device='cuda:0', grad_fn=<AddmmBackward0>)
train 40/52 Loss: 0.6937 Running Loss: 0.5467 Acc: 0.4038 MCC: 0.0000
tensor([[-0.0066,  0.0575],
        [-0.0066,  0.0575],
        [-0.0066,  0.0575],
        [-0.0066,  0.0575],
        [-0.0066,  0.0575],
        [-0.0066,  0.0575],
        [-0.0066,  0.0575],
        [-0.0066,  0.0575]], device='cuda:0', grad_fn=<AddmmBackward0>)
tensor([[-0.0068,  0.0578],
        [-0.0068,  0.0578],
        [-0.0068,  0.0578],
        [-0.0068,  0.0578],
        [-0.0068,  0.0578],
        [-0.0068,  0.0578],
        [-0.0068,  0.0578],
        [-0.0068,  0.0578]], device='cuda:0', grad_fn=<AddmmBackward0>)
tensor([[-0.0070,  0.0580],
        [-0.0070,  0.0580],
        [-0.0070,  0.0580],
        [-0.0070,  0.0580],
        [-0.0070,  0.0580],
        [-0.0070,  0.0580],
        [-0.0070,  0.0580],
        [-0.0070,  0.0580]], device='cuda:0', grad_fn=<AddmmBackward0>)
tensor([[-0.0077,  0.0588],
        [-0.0077,  0.0588],
        [-0.0077,  0.0588],
        [-0.0077,  0.0588],
        [-0.0077,  0.0588],
        [-0.0077,  0.0588],
        [-0.0077,  0.0588],
        [-0.0077,  0.0588]], device='cuda:0', grad_fn=<AddmmBackward0>)
tensor([[-0.0075,  0.0585],
        [-0.0075,  0.0585],
        [-0.0075,  0.0585],
        [-0.0075,  0.0585],
        [-0.0075,  0.0585],
        [-0.0075,  0.0585],
        [-0.0075,  0.0585],
        [-0.0075,  0.0585]], device='cuda:0', grad_fn=<AddmmBackward0>)
tensor([[-0.0070,  0.0580],
        [-0.0070,  0.0580],
        [-0.0070,  0.0580],
        [-0.0070,  0.0580],
        [-0.0070,  0.0580],
        [-0.0070,  0.0580],
        [-0.0070,  0.0580],
        [-0.0070,  0.0580]], device='cuda:0', grad_fn=<AddmmBackward0>)
tensor([[-0.0063,  0.0572],
        [-0.0063,  0.0572],
        [-0.0063,  0.0572],
        [-0.0063,  0.0572],
        [-0.0063,  0.0572],
        [-0.0063,  0.0572],
        [-0.0063,  0.0572],
        [-0.0063,  0.0572]], device='cuda:0', grad_fn=<AddmmBackward0>)
tensor([[-0.0047,  0.0557],
        [-0.0047,  0.0557],
        [-0.0047,  0.0557],
        [-0.0047,  0.0557],
        [-0.0047,  0.0557],
        [-0.0047,  0.0557],
        [-0.0047,  0.0557],
        [-0.0047,  0.0557]], device='cuda:0', grad_fn=<AddmmBackward0>)
tensor([[-0.0033,  0.0543],
        [-0.0033,  0.0543],
        [-0.0033,  0.0543],
        [-0.0033,  0.0543],
        [-0.0033,  0.0543],
        [-0.0033,  0.0543],
        [-0.0033,  0.0543],
        [-0.0033,  0.0543]], device='cuda:0', grad_fn=<AddmmBackward0>)
tensor([[-0.0023,  0.0532],
        [-0.0023,  0.0532],
        [-0.0023,  0.0532],
        [-0.0023,  0.0532],
        [-0.0023,  0.0532],
        [-0.0023,  0.0532],
        [-0.0023,  0.0532],
        [-0.0023,  0.0532]], device='cuda:0', grad_fn=<AddmmBackward0>)
train 50/52 Loss: 0.6935 Running Loss: 0.6804 Acc: 0.4952 MCC: 0.0000
tensor([[-0.0014,  0.0523],
        [-0.0014,  0.0523],
        [-0.0014,  0.0523],
        [-0.0014,  0.0523],
        [-0.0014,  0.0523],
        [-0.0014,  0.0523],
        [-0.0014,  0.0523],
        [-0.0014,  0.0523]], device='cuda:0', grad_fn=<AddmmBackward0>)
train 51/52 Loss: 0.7069 Running Loss: 0.6940 Acc: 0.5000 MCC: 0.0000
## Test
